#
# A fatal error has been detected by the Java Runtime Environment:
#
#  EXCEPTION_ACCESS_VIOLATION (0xc0000005) at pc=0x0000000073696fb7, pid=20296, tid=18776
#
# JRE version: Java(TM) SE Runtime Environment (7.0_71-b14) (build 1.7.0_71-b14)
# Java VM: Java HotSpot(TM) 64-Bit Server VM (24.71-b01 mixed mode windows-amd64 compressed oops)
# Problematic frame:
# C  [nio.dll+0x6fb7]
#
# Failed to write core dump. Minidumps are not enabled by default on client versions of Windows
#
# If you would like to submit a bug report, please visit:
#   http://bugreport.sun.com/bugreport/crash.jsp
# The crash happened outside the Java Virtual Machine in native code.
# See problematic frame for where to report the bug.
#

---------------  T H R E A D  ---------------

Current thread (0x000000000d527800):  JavaThread "stderr" [_thread_in_native, id=18776, stack(0x0000000011fd0000,0x00000000120d0000)]

siginfo: ExceptionCode=0xc0000005, writing address 0x00000000120c5000

Registers:
RAX=0x000000000000d0d0, RBX=0x00000000d08dfa18, RCX=0x000000000d5279e8, RDX=0x00000000120ce340
RSP=0x00000000120ce1d8, RBP=0x00000000120c1220, RSI=0x0000000000000025, RDI=0x00000000025e63f0
R8 =0x000000000b43e000, R9 =0x0000000000000002, R10=0x00000000120c1000, R11=0x00000000120c5000
R12=0x0000000000000000, R13=0x00000000d08dfa18, R14=0x00000000120ce340, R15=0x000000000d527800
RIP=0x0000000073696fb7, EFLAGS=0x0000000000010206

Top of Stack: (sp=0x00000000120ce1d8)
0x00000000120ce1d8:   00000000025f3124 000000005da73900
0x00000000120ce1e8:   00000000736968ba 000000000d527800
0x00000000120ce1f8:   00000000120ce340 00000000d08dfa18
0x00000000120ce208:   0000000000000000 00000000025e63f0
0x00000000120ce218:   0000000000000025 00000000120ce2e0
0x00000000120ce228:   00000000025f3150 00000000120ce310
0x00000000120ce238:   00000000d08dfa18 000000000dd05408
0x00000000120ce248:   0000000000000000 00000000120ce320
0x00000000120ce258:   00000000120ce318 00000000120ce310
0x00000000120ce268:   ffffffffffffffff 00000000d0032925
0x00000000120ce278:   00000000120ce2d0 0000000000000000
0x00000000120ce288:   0000000000000000 0000000000000000
0x00000000120ce298:   00000000025f3684 00000000120ce2a0
0x00000000120ce2a8:   0000000000000000 00000000120ce340
0x00000000120ce2b8:   00000000d08e04a0 0000000000000000
0x00000000120ce2c8:   00000000d08dfa18 0000000000000000 

Instructions: (pc=0x0000000073696fb7)
0x0000000073696f97:   d0 4d 0f 42 d3 65 4c 8b 1c 25 10 00 00 00 4d 3b
0x0000000073696fa7:   d3 73 16 66 41 81 e2 00 f0 4d 8d 9b 00 f0 ff ff
0x0000000073696fb7:   41 c6 03 00 4d 3b d3 75 f0 4c 8b 14 24 4c 8b 5c
0x0000000073696fc7:   24 08 48 83 c4 10 c3 cc cc 40 53 48 83 ec 20 b9 


Register to memory mapping:

RAX=0x000000000000d0d0 is an unknown value
RBX=0x00000000d08dfa18 is an oop
{method} 
 - klass: {other class}
RCX=0x000000000d5279e8 is an unknown value
RDX=0x00000000120ce340 is pointing into the stack for thread: 0x000000000d527800
RSP=0x00000000120ce1d8 is pointing into the stack for thread: 0x000000000d527800
RBP=0x00000000120c1220 is pointing into the stack for thread: 0x000000000d527800
RSI=0x0000000000000025 is an unknown value
RDI=0x00000000025e63f0 is at code_begin+3280 in an Interpreter codelet
return entry points  [0x00000000025e5720, 0x00000000025e7520]  7680 bytes
R8 =0x000000000b43e000 is an unknown value
R9 =0x0000000000000002 is an unknown value
R10=0x00000000120c1000 is pointing into the stack for thread: 0x000000000d527800
R11=0x00000000120c5000 is pointing into the stack for thread: 0x000000000d527800
R12=0x0000000000000000 is an unknown value
R13=0x00000000d08dfa18 is an oop
{method} 
 - klass: {other class}
R14=0x00000000120ce340 is pointing into the stack for thread: 0x000000000d527800
R15=0x000000000d527800 is a thread


Stack: [0x0000000011fd0000,0x00000000120d0000],  sp=0x00000000120ce1d8,  free space=1016k
Native frames: (J=compiled Java code, j=interpreted, Vv=VM code, C=native code)
C  [nio.dll+0x6fb7]

[error occurred during error reporting (printing native stack), id 0xc0000005]

Java frames: (J=compiled Java code, j=interpreted, Vv=VM code)
j  sun.nio.ch.WindowsSelectorImpl$SubSelector.poll0(JI[I[I[IJ)I+0
j  sun.nio.ch.WindowsSelectorImpl$SubSelector.poll()I+43
j  sun.nio.ch.WindowsSelectorImpl$SubSelector.access$400(Lsun/nio/ch/WindowsSelectorImpl$SubSelector;)I+1
j  sun.nio.ch.WindowsSelectorImpl.doSelect(J)I+63
j  sun.nio.ch.SelectorImpl.lockAndDoSelect(J)I+37
j  sun.nio.ch.SelectorImpl.select(J)I+30
j  sun.nio.ch.SelectorImpl.select()I+2
j  org.gradle.messaging.remote.internal.inet.SocketConnection$SocketOutputStream.flush()V+22
j  java.io.ObjectOutputStream$BlockDataOutputStream.flush()V+8
j  java.io.ObjectOutputStream.flush()V+4
j  org.gradle.messaging.remote.internal.Message.send(Ljava/lang/Object;Ljava/io/OutputStream;)V+15
j  org.gradle.messaging.remote.internal.DefaultMessageSerializer$MessageWriter.write(Ljava/lang/Object;)V+5
j  org.gradle.messaging.remote.internal.inet.SocketConnection.dispatch(Ljava/lang/Object;)V+5
j  org.gradle.launcher.daemon.server.SynchronizedDispatchConnection$1.run()V+11
j  org.gradle.internal.concurrent.Synchronizer.synchronize(Ljava/lang/Runnable;)V+10
j  org.gradle.launcher.daemon.server.SynchronizedDispatchConnection.dispatch(Ljava/lang/Object;)V+43
j  org.gradle.launcher.daemon.server.DefaultDaemonConnection.logEvent(Lorg/gradle/logging/internal/OutputEvent;)V+5
j  org.gradle.launcher.daemon.server.exec.LogToClient$1.onOutput(Lorg/gradle/logging/internal/OutputEvent;)V+29
j  sun.reflect.GeneratedMethodAccessor2.invoke(Ljava/lang/Object;[Ljava/lang/Object;)Ljava/lang/Object;+40
J 914 C2 java.lang.reflect.Method.invoke(Ljava/lang/Object;[Ljava/lang/Object;)Ljava/lang/Object; (63 bytes) @ 0x00000000029c0a7c [0x00000000029c0a00+0x7c]
j  org.gradle.messaging.dispatch.ReflectionDispatch.dispatch(Lorg/gradle/messaging/dispatch/MethodInvocation;)V+19
j  org.gradle.messaging.dispatch.ReflectionDispatch.dispatch(Ljava/lang/Object;)V+5
J 1319 C2 org.gradle.listener.BroadcastDispatch.dispatch(Lorg/gradle/messaging/dispatch/MethodInvocation;)V (147 bytes) @ 0x0000000002b0a418 [0x0000000002b0a120+0x2f8]
j  org.gradle.listener.BroadcastDispatch.dispatch(Ljava/lang/Object;)V+5
j  org.gradle.messaging.dispatch.ProxyDispatchAdapter$DispatchingInvocationHandler.invoke(Ljava/lang/Object;Ljava/lang/reflect/Method;[Ljava/lang/Object;)Ljava/lang/Object;+172
j  com.sun.proxy.$Proxy0.onOutput(Lorg/gradle/logging/internal/OutputEvent;)V+16
j  org.gradle.logging.internal.OutputEventRenderer.onOutput(Lorg/gradle/logging/internal/OutputEvent;)V+78
j  org.gradle.logging.internal.logback.LogbackLoggingConfigurer$GradleAppender.append(Lch/qos/logback/classic/spi/ILoggingEvent;)V+79
j  org.gradle.logging.internal.logback.LogbackLoggingConfigurer$GradleAppender.append(Ljava/lang/Object;)V+5
j  ch.qos.logback.core.AppenderBase.doAppend(Ljava/lang/Object;)V+99
j  ch.qos.logback.core.spi.AppenderAttachableImpl.appendLoopOnAppenders(Ljava/lang/Object;)I+33
j  ch.qos.logback.classic.Logger.appendLoopOnAppenders(Lch/qos/logback/classic/spi/ILoggingEvent;)I+12
j  ch.qos.logback.classic.Logger.callAppenders(Lch/qos/logback/classic/spi/ILoggingEvent;)V+11
j  ch.qos.logback.classic.Logger.buildLoggingEventAndAppend(Ljava/lang/String;Lorg/slf4j/Marker;Lch/qos/logback/classic/Level;Ljava/lang/String;[Ljava/lang/Object;Ljava/lang/Throwable;)V+27
j  ch.qos.logback.classic.Logger.filterAndLog_0_Or3Plus(Ljava/lang/String;Lorg/slf4j/Marker;Lch/qos/logback/classic/Level;Ljava/lang/String;[Ljava/lang/Object;Ljava/lang/Throwable;)V+57
j  ch.qos.logback.classic.Logger.error(Ljava/lang/String;)V+11
j  org.gradle.api.logging.Logging$LoggerImpl.error(Ljava/lang/String;)V+5
j  org.gradle.api.logging.LogLevel$6.log(Lorg/gradle/api/logging/Logger;Ljava/lang/String;)V+2
j  org.gradle.api.logging.Logging$LoggerImpl.log(Lorg/gradle/api/logging/LogLevel;Ljava/lang/String;)V+3
j  org.gradle.api.logging.Logger$log$0.call(Ljava/lang/Object;[Ljava/lang/Object;)Ljava/lang/Object;+25
j  org.codehaus.groovy.runtime.callsite.CallSiteArray.defaultCall(Lorg/codehaus/groovy/runtime/callsite/CallSite;Ljava/lang/Object;[Ljava/lang/Object;)Ljava/lang/Object;+8
j  org.codehaus.groovy.runtime.callsite.AbstractCallSite.call(Ljava/lang/Object;[Ljava/lang/Object;)Ljava/lang/Object;+3
j  org.codehaus.groovy.runtime.callsite.AbstractCallSite.call(Ljava/lang/Object;Ljava/lang/Object;Ljava/lang/Object;)Ljava/lang/Object;+7
j  com.android.build.gradle.internal.LoggerWrapper.error(Ljava/lang/Throwable;Ljava/lang/String;[Ljava/lang/Object;)V+295
j  com.android.ide.common.internal.CommandLineRunner$OutputGrabber.err(Ljava/lang/String;)V+22
j  com.android.utils.GrabProcessOutput$1.run()V+45
v  ~StubRoutines::call_stub

---------------  P R O C E S S  ---------------

Java Threads: ( => current thread )
  0x000000000d529800 JavaThread "stdout" [_thread_in_native, id=29504, stack(0x0000000012400000,0x0000000012500000)]
  0x000000000d529000 JavaThread "stderr" [_thread_blocked, id=34836, stack(0x0000000011d10000,0x0000000011e10000)]
  0x000000000d528000 JavaThread "stdout" [_thread_in_native, id=36780, stack(0x0000000012150000,0x0000000012250000)]
=>0x000000000d527800 JavaThread "stderr" [_thread_in_native, id=18776, stack(0x0000000011fd0000,0x00000000120d0000)]
  0x000000000d526800 JavaThread "stdout" [_thread_in_native, id=11172, stack(0x0000000011e70000,0x0000000011f70000)]
  0x000000000d526000 JavaThread "stderr" [_thread_in_native, id=34148, stack(0x0000000011bb0000,0x0000000011cb0000)]
  0x000000000c35d000 JavaThread "stdout" [_thread_in_native, id=13024, stack(0x0000000011920000,0x0000000011a20000)]
  0x000000000c35c000 JavaThread "stderr" [_thread_blocked, id=25264, stack(0x0000000011a70000,0x0000000011b70000)]
  0x000000000c35b800 JavaThread "stdout" [_thread_in_native, id=16492, stack(0x0000000011800000,0x0000000011900000)]
  0x000000000c35a800 JavaThread "stderr" [_thread_in_native, id=36100, stack(0x0000000011610000,0x0000000011710000)]
  0x000000000c35a000 JavaThread "stdout" [_thread_in_native, id=38452, stack(0x000000000a390000,0x000000000a490000)]
  0x000000000c359000 JavaThread "stderr" [_thread_in_native, id=7080, stack(0x00000000114d0000,0x00000000115d0000)]
  0x000000000c358800 JavaThread "stdout" [_thread_in_native, id=35372, stack(0x0000000011150000,0x0000000011250000)]
  0x000000000c357800 JavaThread "stderr" [_thread_in_native, id=20420, stack(0x00000000113a0000,0x00000000114a0000)]
  0x000000000c357000 JavaThread "stdout" [_thread_in_native, id=12312, stack(0x0000000010f10000,0x0000000011010000)]
  0x000000000c356000 JavaThread "stderr" [_thread_in_native, id=6620, stack(0x0000000011260000,0x0000000011360000)]
  0x000000000c355800 JavaThread "pool-3-thread-8" [_thread_blocked, id=25052, stack(0x0000000011020000,0x0000000011120000)]
  0x000000000c354800 JavaThread "pool-3-thread-7" [_thread_blocked, id=12032, stack(0x0000000010de0000,0x0000000010ee0000)]
  0x000000000c354000 JavaThread "pool-3-thread-6" [_thread_blocked, id=36260, stack(0x0000000010700000,0x0000000010800000)]
  0x000000000c353000 JavaThread "pool-3-thread-5" [_thread_blocked, id=30952, stack(0x0000000010920000,0x0000000010a20000)]
  0x000000000c352800 JavaThread "pool-3-thread-4" [_thread_blocked, id=23596, stack(0x0000000010bc0000,0x0000000010cc0000)]
  0x000000000c351800 JavaThread "pool-3-thread-3" [_thread_blocked, id=31524, stack(0x0000000010aa0000,0x0000000010ba0000)]
  0x000000000c350800 JavaThread "pool-3-thread-2" [_thread_blocked, id=22160, stack(0x0000000010820000,0x0000000010920000)]
  0x000000000c350000 JavaThread "pool-3-thread-1" [_thread_blocked, id=1588, stack(0x000000000ce90000,0x000000000cf90000)]
  0x000000000c34f000 JavaThread "Stdin handler" [_thread_blocked, id=35560, stack(0x00000000105d0000,0x00000000106d0000)]
  0x000000000c34e800 JavaThread "Cancel handler" [_thread_blocked, id=33452, stack(0x000000000cc50000,0x000000000cd50000)]
  0x000000000c34d800 JavaThread "Handler for socket connection from /127.0.0.1:6556 to /127.0.0.1:6763" [_thread_in_native, id=37104, stack(0x000000000e3a0000,0x000000000e4a0000)]
  0x000000000affc000 JavaThread "File lock request listener" [_thread_in_native, id=11360, stack(0x000000000d2a0000,0x000000000d3a0000)]
  0x000000000b1f6000 JavaThread "Daemon worker" [_thread_blocked, id=36316, stack(0x000000000d0d0000,0x000000000d1d0000)]
  0x000000000b4ea800 JavaThread "Daemon" [_thread_blocked, id=36920, stack(0x000000000cac0000,0x000000000cbc0000)]
  0x000000000b409800 JavaThread "Incoming local TCP Connector on port 6556" [_thread_in_native, id=32740, stack(0x000000000c9b0000,0x000000000cab0000)]
  0x0000000008f20800 JavaThread "Service Thread" daemon [_thread_blocked, id=21988, stack(0x000000000abf0000,0x000000000acf0000)]
  0x0000000008f1e800 JavaThread "C2 CompilerThread1" daemon [_thread_blocked, id=22860, stack(0x000000000a9b0000,0x000000000aab0000)]
  0x0000000007d67800 JavaThread "C2 CompilerThread0" daemon [_thread_blocked, id=37744, stack(0x000000000a7a0000,0x000000000a8a0000)]
  0x0000000007d66000 JavaThread "Attach Listener" daemon [_thread_blocked, id=15532, stack(0x000000000a630000,0x000000000a730000)]
  0x0000000007d64000 JavaThread "Signal Dispatcher" daemon [_thread_blocked, id=26688, stack(0x000000000a490000,0x000000000a590000)]
  0x000000000220b000 JavaThread "Finalizer" daemon [_thread_blocked, id=2696, stack(0x000000000a290000,0x000000000a390000)]
  0x0000000007d50800 JavaThread "Reference Handler" daemon [_thread_blocked, id=25648, stack(0x000000000a070000,0x000000000a170000)]
  0x0000000002178000 JavaThread "main" [_thread_blocked, id=36832, stack(0x00000000024e0000,0x00000000025e0000)]

Other Threads:
  0x0000000007d4e000 VMThread [stack: 0x0000000009f00000,0x000000000a000000] [id=20368]
  0x0000000008f2d800 WatcherThread [stack: 0x000000000a8a0000,0x000000000a9a0000] [id=8480]

VM state:not at safepoint (normal execution)

VM Mutex/Monitor currently owned by a thread: None

Heap
 PSYoungGen      total 147968K, used 99795K [0x00000000f5500000, 0x0000000100000000, 0x0000000100000000)
  eden space 122368K, 68% used [0x00000000f5500000,0x00000000fa6af5c0,0x00000000fcc80000)
  from space 25600K, 63% used [0x00000000fcc80000,0x00000000fdc45860,0x00000000fe580000)
  to   space 25600K, 0% used [0x00000000fe700000,0x00000000fe700000,0x0000000100000000)
 ParOldGen       total 85504K, used 67725K [0x00000000e0000000, 0x00000000e5380000, 0x00000000f5500000)
  object space 85504K, 79% used [0x00000000e0000000,0x00000000e4223400,0x00000000e5380000)
 PSPermGen       total 80384K, used 59704K [0x00000000d0000000, 0x00000000d4e80000, 0x00000000e0000000)
  object space 80384K, 74% used [0x00000000d0000000,0x00000000d3a4e2a8,0x00000000d4e80000)

Card table byte_map: [0x00000000055e0000,0x0000000005770000] byte_map_base: 0x0000000004f60000

Polling page: 0x0000000000230000

Code Cache  [0x00000000025e0000, 0x0000000002c70000, 0x00000000055e0000)
 total_blobs=2312 nmethods=1690 adapters=573 free_code_cache=42572Kb largest_free_block=43502144

Compilation events (10 events):
Event: 40.488 Thread 0x0000000008f1e800 1798             org.gradle.cache.internal.btree.StateCheckBlockStore::read (33 bytes)
Event: 40.488 Thread 0x0000000007d67800 1799             org.gradle.cache.internal.btree.FreeListBlockStore::read (12 bytes)
Event: 40.501 Thread 0x0000000008f1e800 nmethod 1798 0x0000000002c5c150 code [0x0000000002c5c380, 0x0000000002c5cf20]
Event: 40.501 Thread 0x0000000007d67800 nmethod 1799 0x0000000002c4d390 code [0x0000000002c4d5c0, 0x0000000002c4e140]
Event: 40.708 Thread 0x0000000008f1e800 1800             sun.reflect.ClassFileAssembler::setStack (25 bytes)
Event: 40.708 Thread 0x0000000008f1e800 nmethod 1800 0x0000000002c3f450 code [0x0000000002c3f580, 0x0000000002c3f5d8]
Event: 40.712 Thread 0x0000000007d67800 1801             sun.reflect.generics.parser.SignatureParser::parsePackageNameAndSimpleClassTypeSignature (139 bytes)
Event: 40.715 Thread 0x0000000008f1e800 1802             org.codehaus.groovy.runtime.MetaClassHelper::sameClasses (54 bytes)
Event: 40.718 Thread 0x0000000008f1e800 nmethod 1802 0x0000000002c4b610 code [0x0000000002c4b760, 0x0000000002c4b958]
Event: 40.731 Thread 0x0000000007d67800 nmethod 1801 0x0000000002c60cd0 code [0x0000000002c60fc0, 0x0000000002c620f0]

GC Heap History (10 events):
Event: 15.475 GC heap before
{Heap before GC invocations=10 (full 1):
 PSYoungGen      total 145920K, used 13825K [0x00000000f5500000, 0x0000000100000000, 0x0000000100000000)
  eden space 116736K, 0% used [0x00000000f5500000,0x00000000f5500000,0x00000000fc700000)
  from space 29184K, 47% used [0x00000000fc700000,0x00000000fd4807c0,0x00000000fe380000)
  to   space 27648K, 0% used [0x00000000fe500000,0x00000000fe500000,0x0000000100000000)
 ParOldGen       total 85504K, used 41809K [0x00000000e0000000, 0x00000000e5380000, 0x00000000f5500000)
  object space 85504K, 48% used [0x00000000e0000000,0x00000000e28d4760,0x00000000e5380000)
 PSPermGen       total 40448K, used 40042K [0x00000000d0000000, 0x00000000d2780000, 0x00000000e0000000)
  object space 40448K, 98% used [0x00000000d0000000,0x00000000d271a8b0,0x00000000d2780000)
Event: 15.709 GC heap after
Heap after GC invocations=10 (full 1):
 PSYoungGen      total 145920K, used 0K [0x00000000f5500000, 0x0000000100000000, 0x0000000100000000)
  eden space 116736K, 0% used [0x00000000f5500000,0x00000000f5500000,0x00000000fc700000)
  from space 29184K, 0% used [0x00000000fc700000,0x00000000fc700000,0x00000000fe380000)
  to   space 27648K, 0% used [0x00000000fe500000,0x00000000fe500000,0x0000000100000000)
 ParOldGen       total 85504K, used 40594K [0x00000000e0000000, 0x00000000e5380000, 0x00000000f5500000)
  object space 85504K, 47% used [0x00000000e0000000,0x00000000e27a4b40,0x00000000e5380000)
 PSPermGen       total 80384K, used 39985K [0x00000000d0000000, 0x00000000d4e80000, 0x00000000e0000000)
  object space 80384K, 49% used [0x00000000d0000000,0x00000000d270c600,0x00000000d4e80000)
}
Event: 17.794 GC heap before
{Heap before GC invocations=11 (full 1):
 PSYoungGen      total 145920K, used 116736K [0x00000000f5500000, 0x0000000100000000, 0x0000000100000000)
  eden space 116736K, 100% used [0x00000000f5500000,0x00000000fc700000,0x00000000fc700000)
  from space 29184K, 0% used [0x00000000fc700000,0x00000000fc700000,0x00000000fe380000)
  to   space 27648K, 0% used [0x00000000fe500000,0x00000000fe500000,0x0000000100000000)
 ParOldGen       total 85504K, used 40594K [0x00000000e0000000, 0x00000000e5380000, 0x00000000f5500000)
  object space 85504K, 47% used [0x00000000e0000000,0x00000000e27a4b40,0x00000000e5380000)
 PSPermGen       total 80384K, used 44552K [0x00000000d0000000, 0x00000000d4e80000, 0x00000000e0000000)
  object space 80384K, 55% used [0x00000000d0000000,0x00000000d2b82030,0x00000000d4e80000)
Event: 17.817 GC heap after
Heap after GC invocations=11 (full 1):
 PSYoungGen      total 142336K, used 13906K [0x00000000f5500000, 0x00000000ffc80000, 0x0000000100000000)
  eden space 118272K, 0% used [0x00000000f5500000,0x00000000f5500000,0x00000000fc880000)
  from space 24064K, 57% used [0x00000000fe500000,0x00000000ff294930,0x00000000ffc80000)
  to   space 26624K, 0% used [0x00000000fc880000,0x00000000fc880000,0x00000000fe280000)
 ParOldGen       total 85504K, used 40594K [0x00000000e0000000, 0x00000000e5380000, 0x00000000f5500000)
  object space 85504K, 47% used [0x00000000e0000000,0x00000000e27a4b40,0x00000000e5380000)
 PSPermGen       total 80384K, used 44552K [0x00000000d0000000, 0x00000000d4e80000, 0x00000000e0000000)
  object space 80384K, 55% used [0x00000000d0000000,0x00000000d2b82030,0x00000000d4e80000)
}
Event: 35.098 GC heap before
{Heap before GC invocations=12 (full 1):
 PSYoungGen      total 142336K, used 132178K [0x00000000f5500000, 0x00000000ffc80000, 0x0000000100000000)
  eden space 118272K, 100% used [0x00000000f5500000,0x00000000fc880000,0x00000000fc880000)
  from space 24064K, 57% used [0x00000000fe500000,0x00000000ff294930,0x00000000ffc80000)
  to   space 26624K, 0% used [0x00000000fc880000,0x00000000fc880000,0x00000000fe280000)
 ParOldGen       total 85504K, used 40594K [0x00000000e0000000, 0x00000000e5380000, 0x00000000f5500000)
  object space 85504K, 47% used [0x00000000e0000000,0x00000000e27a4b40,0x00000000e5380000)
 PSPermGen       total 80384K, used 48420K [0x00000000d0000000, 0x00000000d4e80000, 0x00000000e0000000)
  object space 80384K, 60% used [0x00000000d0000000,0x00000000d2f49090,0x00000000d4e80000)
Event: 35.112 GC heap after
Heap after GC invocations=12 (full 1):
 PSYoungGen      total 144896K, used 9569K [0x00000000f5500000, 0x0000000100000000, 0x0000000100000000)
  eden space 118272K, 0% used [0x00000000f5500000,0x00000000f5500000,0x00000000fc880000)
  from space 26624K, 35% used [0x00000000fc880000,0x00000000fd1d8708,0x00000000fe280000)
  to   space 26112K, 0% used [0x00000000fe680000,0x00000000fe680000,0x0000000100000000)
 ParOldGen       total 85504K, used 49251K [0x00000000e0000000, 0x00000000e5380000, 0x00000000f5500000)
  object space 85504K, 57% used [0x00000000e0000000,0x00000000e3018e00,0x00000000e5380000)
 PSPermGen       total 80384K, used 48420K [0x00000000d0000000, 0x00000000d4e80000, 0x00000000e0000000)
  object space 80384K, 60% used [0x00000000d0000000,0x00000000d2f49090,0x00000000d4e80000)
}
Event: 36.023 GC heap before
{Heap before GC invocations=13 (full 1):
 PSYoungGen      total 144896K, used 127841K [0x00000000f5500000, 0x0000000100000000, 0x0000000100000000)
  eden space 118272K, 100% used [0x00000000f5500000,0x00000000fc880000,0x00000000fc880000)
  from space 26624K, 35% used [0x00000000fc880000,0x00000000fd1d8708,0x00000000fe280000)
  to   space 26112K, 0% used [0x00000000fe680000,0x00000000fe680000,0x0000000100000000)
 ParOldGen       total 85504K, used 49251K [0x00000000e0000000, 0x00000000e5380000, 0x00000000f5500000)
  object space 85504K, 57% used [0x00000000e0000000,0x00000000e3018e00,0x00000000e5380000)
 PSPermGen       total 80384K, used 53508K [0x00000000d0000000, 0x00000000d4e80000, 0x00000000e0000000)
  object space 80384K, 66% used [0x00000000d0000000,0x00000000d34411c0,0x00000000d4e80000)
Event: 36.038 GC heap after
Heap after GC invocations=13 (full 1):
 PSYoungGen      total 146944K, used 15111K [0x00000000f5500000, 0x00000000ffe80000, 0x0000000100000000)
  eden space 122368K, 0% used [0x00000000f5500000,0x00000000f5500000,0x00000000fcc80000)
  from space 24576K, 61% used [0x00000000fe680000,0x00000000ff541cf0,0x00000000ffe80000)
  to   space 25600K, 0% used [0x00000000fcc80000,0x00000000fcc80000,0x00000000fe580000)
 ParOldGen       total 85504K, used 55954K [0x00000000e0000000, 0x00000000e5380000, 0x00000000f5500000)
  object space 85504K, 65% used [0x00000000e0000000,0x00000000e36a4a68,0x00000000e5380000)
 PSPermGen       total 80384K, used 53508K [0x00000000d0000000, 0x00000000d4e80000, 0x00000000e0000000)
  object space 80384K, 66% used [0x00000000d0000000,0x00000000d34411c0,0x00000000d4e80000)
}
Event: 38.280 GC heap before
{Heap before GC invocations=14 (full 1):
 PSYoungGen      total 146944K, used 137479K [0x00000000f5500000, 0x00000000ffe80000, 0x0000000100000000)
  eden space 122368K, 100% used [0x00000000f5500000,0x00000000fcc80000,0x00000000fcc80000)
  from space 24576K, 61% used [0x00000000fe680000,0x00000000ff541cf0,0x00000000ffe80000)
  to   space 25600K, 0% used [0x00000000fcc80000,0x00000000fcc80000,0x00000000fe580000)
 ParOldGen       total 85504K, used 55954K [0x00000000e0000000, 0x00000000e5380000, 0x00000000f5500000)
  object space 85504K, 65% used [0x00000000e0000000,0x00000000e36a4a68,0x00000000e5380000)
 PSPermGen       total 80384K, used 58671K [0x00000000d0000000, 0x00000000d4e80000, 0x00000000e0000000)
  object space 80384K, 72% used [0x00000000d0000000,0x00000000d394bc90,0x00000000d4e80000)
Event: 38.297 GC heap after
Heap after GC invocations=14 (full 1):
 PSYoungGen      total 147968K, used 16150K [0x00000000f5500000, 0x0000000100000000, 0x0000000100000000)
  eden space 122368K, 0% used [0x00000000f5500000,0x00000000f5500000,0x00000000fcc80000)
  from space 25600K, 63% used [0x00000000fcc80000,0x00000000fdc45860,0x00000000fe580000)
  to   space 25600K, 0% used [0x00000000fe700000,0x00000000fe700000,0x0000000100000000)
 ParOldGen       total 85504K, used 67725K [0x00000000e0000000, 0x00000000e5380000, 0x00000000f5500000)
  object space 85504K, 79% used [0x00000000e0000000,0x00000000e4223400,0x00000000e5380000)
 PSPermGen       total 80384K, used 58671K [0x00000000d0000000, 0x00000000d4e80000, 0x00000000e0000000)
  object space 80384K, 72% used [0x00000000d0000000,0x00000000d394bc90,0x00000000d4e80000)
}

Deoptimization events (10 events):
Event: 40.689 Thread 0x000000000c354000 Uncommon trap: reason=unreached action=reinterpret pc=0x00000000028031c0 method=java.util.concurrent.locks.AbstractQueuedSynchronizer.release(I)Z @ 14
Event: 40.689 Thread 0x000000000c352800 Uncommon trap: reason=unreached action=reinterpret pc=0x00000000028031c0 method=java.util.concurrent.locks.AbstractQueuedSynchronizer.release(I)Z @ 14
Event: 40.690 Thread 0x000000000c353000 Uncommon trap: reason=unreached action=reinterpret pc=0x00000000028031c0 method=java.util.concurrent.locks.AbstractQueuedSynchronizer.release(I)Z @ 14
Event: 40.690 Thread 0x000000000c350800 Uncommon trap: reason=unreached action=reinterpret pc=0x00000000028031c0 method=java.util.concurrent.locks.AbstractQueuedSynchronizer.release(I)Z @ 14
Event: 40.690 Thread 0x000000000c354800 Uncommon trap: reason=unreached action=reinterpret pc=0x00000000028031c0 method=java.util.concurrent.locks.AbstractQueuedSynchronizer.release(I)Z @ 14
Event: 40.690 Thread 0x000000000c355800 Uncommon trap: reason=unreached action=reinterpret pc=0x00000000028031c0 method=java.util.concurrent.locks.AbstractQueuedSynchronizer.release(I)Z @ 14
Event: 40.694 Thread 0x000000000c354000 Uncommon trap: reason=predicate action=maybe_recompile pc=0x0000000002b56b98 method=java.util.ComparableTimSort.mergeLo(IIII)V @ 143
Event: 40.697 Thread 0x000000000c354000 Uncommon trap: reason=unreached action=reinterpret pc=0x0000000002929808 method=java.lang.ThreadLocal.get()Ljava/lang/Object; @ 11
Event: 40.697 Thread 0x000000000c354000 Uncommon trap: reason=unreached action=reinterpret pc=0x00000000028d6f74 method=groovy.lang.MetaClassImpl.findPropertyMethod(Ljava/lang/Object;ZZ)Lgroovy/lang/MetaMethod; @ 95
Event: 41.482 Thread 0x000000000d527800 Uncommon trap: reason=unloaded action=reinterpret pc=0x0000000002b0a67c method=org.gradle.listener.BroadcastDispatch.dispatch(Lorg/gradle/messaging/dispatch/MethodInvocation;)V @ 133

Internal exceptions (10 events):
Event: 40.712 Thread 0x000000000c350000 Threw 0x00000000f93543c0 at C:\re\jdk7u71\1605\hotspot\src\share\vm\prims\jvm.cpp:1281
Event: 40.712 Thread 0x000000000c350000 Threw 0x00000000f93589f8 at C:\re\jdk7u71\1605\hotspot\src\share\vm\prims\jvm.cpp:1281
Event: 40.712 Thread 0x000000000c350000 Threw 0x00000000f935c9c0 at C:\re\jdk7u71\1605\hotspot\src\share\vm\prims\jvm.cpp:1281
Event: 40.712 Thread 0x000000000c350000 Threw 0x00000000f935cc88 at C:\re\jdk7u71\1605\hotspot\src\share\vm\classfile\systemDictionary.cpp:185
Event: 40.717 Thread 0x000000000c351800 Threw 0x00000000f94633f8 at C:\re\jdk7u71\1605\hotspot\src\share\vm\prims\jvm.cpp:1281
Event: 40.724 Thread 0x000000000c351800 Threw 0x00000000f946e290 at C:\re\jdk7u71\1605\hotspot\src\share\vm\prims\jvm.cpp:1281
Event: 40.725 Thread 0x000000000c351800 Threw 0x00000000f9472188 at C:\re\jdk7u71\1605\hotspot\src\share\vm\prims\jvm.cpp:1281
Event: 40.725 Thread 0x000000000c351800 Threw 0x00000000f94763c8 at C:\re\jdk7u71\1605\hotspot\src\share\vm\prims\jvm.cpp:1281
Event: 40.725 Thread 0x000000000c351800 Threw 0x00000000f947a968 at C:\re\jdk7u71\1605\hotspot\src\share\vm\prims\jvm.cpp:1281
Event: 41.482 Thread 0x000000000d527800 Threw 0x00000000fa37dc10 at C:\re\jdk7u71\1605\hotspot\src\share\vm\interpreter\interpreterRuntime.cpp:304

Events (10 events):
Event: 40.826 Thread 0x000000000d529800 Thread added: 0x000000000d529800
Event: 41.482 Thread 0x000000000d527800 Uncommon trap: trap_request=0x0000002e fr.pc=0x0000000002b0a67c
Event: 41.482 Thread 0x000000000d527800 DEOPT PACKING pc=0x0000000002b0a67c sp=0x00000000120ce470
Event: 41.482 Thread 0x000000000d527800 DEOPT UNPACKING pc=0x00000000026175a4 sp=0x00000000120ce460 mode 2
Event: 41.483 Executing VM operation: RevokeBias
Event: 41.483 Executing VM operation: RevokeBias done
Event: 41.483 Executing VM operation: RevokeBias
Event: 41.483 Executing VM operation: RevokeBias done
Event: 41.483 Executing VM operation: RevokeBias
Event: 41.483 Executing VM operation: RevokeBias done


Dynamic libraries:
0x000000013f960000 - 0x000000013f993000 	C:\Program Files\Java\jdk1.7.0_71\bin\java.exe
0x0000000077320000 - 0x00000000774c9000 	C:\Windows\SYSTEM32\ntdll.dll
0x0000000077100000 - 0x000000007721f000 	C:\Windows\system32\kernel32.dll
0x000007fefc4c0000 - 0x000007fefc52c000 	C:\Windows\system32\KERNELBASE.dll
0x000007fefdee0000 - 0x000007fefdfbb000 	C:\Windows\system32\ADVAPI32.dll
0x000007fefc740000 - 0x000007fefc7df000 	C:\Windows\system32\msvcrt.dll
0x000007fefca50000 - 0x000007fefca6f000 	C:\Windows\SYSTEM32\sechost.dll
0x000007fefc590000 - 0x000007fefc6bd000 	C:\Windows\system32\RPCRT4.dll
0x0000000077220000 - 0x000000007731a000 	C:\Windows\system32\USER32.dll
0x000007fefcb90000 - 0x000007fefcbf7000 	C:\Windows\system32\GDI32.dll
0x000007fefdcf0000 - 0x000007fefdcfe000 	C:\Windows\system32\LPK.dll
0x000007fefcac0000 - 0x000007fefcb89000 	C:\Windows\system32\USP10.dll
0x000007fefaba0000 - 0x000007fefad94000 	C:\Windows\WinSxS\amd64_microsoft.windows.common-controls_6595b64144ccf1df_6.0.7601.17514_none_fa396087175ac9ac\COMCTL32.dll
0x000007fefdc20000 - 0x000007fefdc91000 	C:\Windows\system32\SHLWAPI.dll
0x000007fefdcc0000 - 0x000007fefdcee000 	C:\Windows\system32\IMM32.DLL
0x000007fefdb10000 - 0x000007fefdc19000 	C:\Windows\system32\MSCTF.dll
0x00000000702a0000 - 0x0000000070372000 	C:\Program Files\Java\jdk1.7.0_71\jre\bin\msvcr100.dll
0x000000005d890000 - 0x000000005e063000 	C:\Program Files\Java\jdk1.7.0_71\jre\bin\server\jvm.dll
0x000007fef80a0000 - 0x000007fef80a9000 	C:\Windows\system32\WSOCK32.dll
0x000007fefca70000 - 0x000007fefcabd000 	C:\Windows\system32\WS2_32.dll
0x000007fefc9e0000 - 0x000007fefc9e8000 	C:\Windows\system32\NSI.dll
0x000007fef9ab0000 - 0x000007fef9aeb000 	C:\Windows\system32\WINMM.dll
0x00000000774f0000 - 0x00000000774f7000 	C:\Windows\system32\PSAPI.DLL
0x0000000073790000 - 0x000000007379f000 	C:\Program Files\Java\jdk1.7.0_71\jre\bin\verify.dll
0x00000000736f0000 - 0x0000000073718000 	C:\Program Files\Java\jdk1.7.0_71\jre\bin\java.dll
0x00000000736d0000 - 0x00000000736e5000 	C:\Program Files\Java\jdk1.7.0_71\jre\bin\zip.dll
0x00000000736b0000 - 0x00000000736c9000 	C:\Program Files\Java\jdk1.7.0_71\jre\bin\net.dll
0x000007fefba70000 - 0x000007fefbac5000 	C:\Windows\system32\mswsock.dll
0x000007fefbc30000 - 0x000007fefbc37000 	C:\Windows\System32\wship6.dll
0x0000000073690000 - 0x00000000736a1000 	C:\Program Files\Java\jdk1.7.0_71\jre\bin\nio.dll
0x000007fefbad0000 - 0x000007fefbae7000 	C:\Windows\system32\CRYPTSP.dll
0x000007fefb710000 - 0x000007fefb757000 	C:\Windows\system32\rsaenh.dll
0x000007fefb480000 - 0x000007fefb49e000 	C:\Windows\system32\USERENV.dll
0x000007fefc160000 - 0x000007fefc16f000 	C:\Windows\system32\profapi.dll
0x000007fefc090000 - 0x000007fefc09f000 	C:\Windows\system32\CRYPTBASE.dll
0x000007fef96f0000 - 0x000007fef9717000 	C:\Windows\system32\IPHLPAPI.DLL
0x000007fef96e0000 - 0x000007fef96eb000 	C:\Windows\system32\WINNSI.DLL
0x000007fef92f0000 - 0x000007fef9301000 	C:\Windows\system32\dhcpcsvc6.DLL
0x000007fef92d0000 - 0x000007fef92e8000 	C:\Windows\system32\dhcpcsvc.DLL
0x000007fef4a70000 - 0x000007fef4a82000 	C:\Users\htan\AppData\Local\Temp\native-platform4934223054597431720dir\native-platform.dll
0x000007fefc030000 - 0x000007fefc087000 	C:\Windows\system32\apphelp.dll
0x000007fef5ae0000 - 0x000007fef5c05000 	C:\Windows\system32\dbghelp.dll

VM Arguments:
jvm_args: -XX:MaxPermSize=256m -XX:+HeapDumpOnOutOfMemoryError -Xmx1024m -Dfile.encoding=windows-1252 -Duser.country=GB -Duser.language=en -Duser.variant -Xmx512M 
java_command: org.gradle.launcher.daemon.bootstrap.GradleDaemon 2.2.1 C:\Users\htan\.gradle\daemon 10800000 fd3298d4-64cf-4d66-8aee-48212c9deaab -XX:MaxPermSize=256m -XX:+HeapDumpOnOutOfMemoryError -Xmx1024m -Dfile.encoding=windows-1252 -Duser.country=GB -Duser.language=en -Duser.variant
Launcher Type: SUN_STANDARD

Environment Variables:
JAVA_HOME=C:\Program Files\Java\jdk1.7.0_71
_JAVA_OPTIONS=-Xmx512M
PATH=C:\ProgramData\Oracle\Java\javapath;C:\Windows\system32;C:\Windows;C:\Windows\System32\Wbem;C:\Windows\System32\WindowsPowerShell\v1.0\;C:\Program Files (x86)\Microsoft SQL Server\100\Tools\Binn\VSShell\Common7\IDE\;C:\Program Files (x86)\Microsoft SQL Server\100\Tools\Binn\;C:\Program Files\Microsoft SQL Server\100\Tools\Binn\;C:\Program Files (x86)\Microsoft SQL Server\100\DTS\Binn\;C:\Program Files\Microsoft SQL Server\100\DTS\Binn\;C:\Program Files (x86)\Microsoft Team Foundation Server 2012 Power Tools\;C:\Program Files (x86)\Microsoft Team Foundation Server 2012 Power Tools\Best Practices Analyzer\;C:\Program Files\System Center Operations Manager 2007\;C:\Program Files (x86)\Microsoft ASP.NET\ASP.NET Web Pages\v1.0\;C:\Program Files\Microsoft SQL Server\110\Tools\Binn\;C:\Program Files\Microsoft\Web Platform Installer\;C:\Program Files\Devart\Review Assistant;C:\Program Files\Microsoft SQL Server\120\Tools\Binn\;C:\Program Files\nodejs\;C:\Users\htan\Documents\Visual Studio 2012\Projects\MvcApplication2\node_modules\protractor\selenium;C:\Program Files (x86)\Git\cmd;C:\Program Files (x86)\GtkSharp\2.12\bin;C:\Program Files (x86)\Skype\Phone\;C:\Program Files (x86)\Windows Kits\8.1\Windows Performance Toolkit\;C:\Program Files (x86)\Microsoft SDKs\TypeScript\1.4\;C:\Program Files (x86)\nodejs\;C:\Ruby193\bin;C:\Program Files\Java\jdk1.7.0_71;C:\Program Files\Java\jre7;C:\apache-ant-1.9.3\bin;I:\Android\android-sdk\tools;I:\Android\android-sdk\platform-tools;C:\Users\htan\AppData\Roaming\npm
USERNAME=htan
OS=Windows_NT
PROCESSOR_IDENTIFIER=Intel64 Family 6 Model 42 Stepping 7, GenuineIntel



---------------  S Y S T E M  ---------------

OS: Windows 7 , 64 bit Build 7601 Service Pack 1

CPU:total 8 (4 cores per cpu, 2 threads per core) family 6 model 42 stepping 7, cmov, cx8, fxsr, mmx, sse, sse2, sse3, ssse3, sse4.1, sse4.2, popcnt, avx, aes, ht, tsc, tscinvbit

Memory: 4k page, physical 8233400k(1617808k free), swap 10640260k(5048k free)

vm_info: Java HotSpot(TM) 64-Bit Server VM (24.71-b01) for windows-amd64 JRE (1.7.0_71-b14), built on Sep 26 2014 16:16:12 by "java_re" with unknown MS VC++:1600

time: Fri Aug 21 12:13:26 2015
elapsed time: 41 seconds

